0 info it worked if it ends with ok
1 verbose cli [ 'D:\\softwear\\dev\\nodejs\\node.exe',
1 verbose cli   'D:\\softwear\\dev\\nodejs\\node_modules\\npm\\bin\\npm-cli.js',
1 verbose cli   'install',
1 verbose cli   '-g',
1 verbose cli   'http-server' ]
2 info using npm@3.6.0
3 info using node@v5.7.0
4 silly loadCurrentTree Starting
5 silly install loadCurrentTree
6 silly install readGlobalPackageData
7 silly fetchPackageMetaData http-server
8 silly fetchNamedPackageData http-server
9 silly mapToRegistry name http-server
10 silly mapToRegistry using default registry
11 silly mapToRegistry registry https://registry.npmjs.org/
12 silly mapToRegistry uri https://registry.npmjs.org/http-server
13 verbose request uri https://registry.npmjs.org/http-server
14 verbose request no auth needed
15 info attempt registry request try #1 at 21:09:40
16 verbose request id a01bac40affbe923
17 verbose etag W/"582c204c-ea2b"
18 verbose lastModified Wed, 16 Nov 2016 09:01:00 GMT
19 http request GET https://registry.npmjs.org/http-server
20 info retry will retry, error on last attempt: Error: connect ETIMEDOUT 151.101.76.162:443
21 info attempt registry request try #2 at 21:10:11
22 verbose etag W/"582c204c-ea2b"
23 verbose lastModified Wed, 16 Nov 2016 09:01:00 GMT
24 http request GET https://registry.npmjs.org/http-server
25 info retry will retry, error on last attempt: Error: connect ETIMEDOUT 151.101.76.162:443
26 info attempt registry request try #3 at 21:11:32
27 verbose etag W/"582c204c-ea2b"
28 verbose lastModified Wed, 16 Nov 2016 09:01:00 GMT
29 http request GET https://registry.npmjs.org/http-server
30 silly get cb [ 304, undefined ]
31 verbose etag https://registry.npmjs.org/http-server from cache
32 verbose get saving http-server to C:\Users\Other\AppData\Roaming\npm-cache\registry.npmjs.org\http-server\.cache.json
33 verbose correctMkdir C:\Users\Other\AppData\Roaming\npm-cache correctMkdir not in flight; initializing
34 silly install normalizeTree
35 silly loadCurrentTree Finishing
36 silly loadIdealTree Starting
37 silly install loadIdealTree
38 silly cloneCurrentTree Starting
39 silly install cloneCurrentTreeToIdealTree
40 silly cloneCurrentTree Finishing
41 silly loadShrinkwrap Starting
42 silly install loadShrinkwrap
43 silly loadShrinkwrap Finishing
44 silly loadAllDepsIntoIdealTree Starting
45 silly install loadAllDepsIntoIdealTree
46 silly resolveWithNewModule http-server@0.9.0 checking installable status
47 silly cache add args [ 'http-server', null ]
48 verbose cache add spec http-server
49 silly cache add parsed spec Result {
49 silly cache add   raw: 'http-server',
49 silly cache add   scope: null,
49 silly cache add   name: 'http-server',
49 silly cache add   rawSpec: '',
49 silly cache add   spec: 'latest',
49 silly cache add   type: 'tag' }
50 silly addNamed http-server@latest
51 verbose addNamed "latest" is being treated as a dist-tag for http-server
52 info addNameTag [ 'http-server', 'latest' ]
53 silly mapToRegistry name http-server
54 silly mapToRegistry using default registry
55 silly mapToRegistry registry https://registry.npmjs.org/
56 silly mapToRegistry uri https://registry.npmjs.org/http-server
57 verbose addNameTag registry:https://registry.npmjs.org/http-server not in flight; fetching
58 verbose get https://registry.npmjs.org/http-server not expired, no request
59 silly addNameTag next cb for http-server with tag latest
60 silly addNamed http-server@0.9.0
61 verbose addNamed "0.9.0" is a plain semver version for http-server
62 silly mapToRegistry name http-server
63 silly mapToRegistry using default registry
64 silly mapToRegistry registry https://registry.npmjs.org/
65 silly mapToRegistry uri https://registry.npmjs.org/http-server
66 verbose addRemoteTarball https://registry.npmjs.org/http-server/-/http-server-0.9.0.tgz not in flight; adding
67 verbose addRemoteTarball [ 'https://registry.npmjs.org/http-server/-/http-server-0.9.0.tgz',
67 verbose addRemoteTarball   '8f1b06bdc733618d4dc42831c7ba1aff4e06001a' ]
68 info retry fetch attempt 1 at 21:11:54
69 info attempt registry request try #1 at 21:11:54
70 http fetch GET https://registry.npmjs.org/http-server/-/http-server-0.9.0.tgz
71 info retry will retry, error on last attempt: Error: connect ETIMEDOUT 151.101.76.162:443
72 info attempt registry request try #2 at 21:12:25
73 http fetch GET https://registry.npmjs.org/http-server/-/http-server-0.9.0.tgz
74 info retry will retry, error on last attempt: Error: connect ETIMEDOUT 151.101.76.162:443
75 info attempt registry request try #3 at 21:13:46
76 http fetch GET https://registry.npmjs.org/http-server/-/http-server-0.9.0.tgz
77 error fetch failed https://registry.npmjs.org/http-server/-/http-server-0.9.0.tgz
78 warn retry will retry, error on last attempt: Error: connect ETIMEDOUT 151.101.76.162:443
79 info retry fetch attempt 2 at 21:14:17
80 info attempt registry request try #1 at 21:14:17
81 http fetch GET https://registry.npmjs.org/http-server/-/http-server-0.9.0.tgz
82 info retry will retry, error on last attempt: Error: connect ETIMEDOUT 151.101.76.162:443
83 info attempt registry request try #2 at 21:14:48
84 http fetch GET https://registry.npmjs.org/http-server/-/http-server-0.9.0.tgz
85 info retry will retry, error on last attempt: Error: connect ETIMEDOUT 151.101.76.162:443
86 info attempt registry request try #3 at 21:16:09
87 http fetch GET https://registry.npmjs.org/http-server/-/http-server-0.9.0.tgz
88 error fetch failed https://registry.npmjs.org/http-server/-/http-server-0.9.0.tgz
89 warn retry will retry, error on last attempt: Error: connect ETIMEDOUT 151.101.76.162:443
90 info retry fetch attempt 3 at 21:17:30
91 info attempt registry request try #1 at 21:17:31
92 http fetch GET https://registry.npmjs.org/http-server/-/http-server-0.9.0.tgz
93 info retry will retry, error on last attempt: Error: connect ETIMEDOUT 151.101.76.162:443
94 info attempt registry request try #2 at 21:18:02
95 http fetch GET https://registry.npmjs.org/http-server/-/http-server-0.9.0.tgz
96 info retry will retry, error on last attempt: Error: connect ETIMEDOUT 151.101.76.162:443
97 info attempt registry request try #3 at 21:19:23
98 http fetch GET https://registry.npmjs.org/http-server/-/http-server-0.9.0.tgz
99 error fetch failed https://registry.npmjs.org/http-server/-/http-server-0.9.0.tgz
100 silly rollbackFailedOptional Starting
101 silly rollbackFailedOptional Finishing
102 silly runTopLevelLifecycles Starting
103 silly runTopLevelLifecycles Finishing
104 silly install printInstalled
105 verbose stack Error: connect ETIMEDOUT 151.101.76.162:443
105 verbose stack     at Object.exports._errnoException (util.js:856:11)
105 verbose stack     at exports._exceptionWithHostPort (util.js:879:20)
105 verbose stack     at TCPConnectWrap.afterConnect [as oncomplete] (net.js:1057:14)
106 verbose cwd E:\myDemo\moviecat
107 error Windows_NT 10.0.14393
108 error argv "D:\\softwear\\dev\\nodejs\\node.exe" "D:\\softwear\\dev\\nodejs\\node_modules\\npm\\bin\\npm-cli.js" "install" "-g" "http-server"
109 error node v5.7.0
110 error npm  v3.6.0
111 error code ETIMEDOUT
112 error errno ETIMEDOUT
113 error syscall connect
114 error network connect ETIMEDOUT 151.101.76.162:443
115 error network This is most likely not a problem with npm itself
115 error network and is related to network connectivity.
115 error network In most cases you are behind a proxy or have bad network settings.
115 error network
115 error network If you are behind a proxy, please make sure that the
115 error network 'proxy' config is set properly.  See: 'npm help config'
116 verbose exit [ 1, true ]
